:: There are 50 members in group base:
:: Repository core
   1) bash  2) bzip2  3) coreutils  4) cryptsetup  5) device-mapper  6) dhcpcd  7) diffutils  8) e2fsprogs  9) file  10) filesystem  11) findutils  12) gawk  13) gcc-libs  14) gettext  15) glibc  16) grep  17) gzip  18) inetutils  19) iproute2  20) iputils  21) jfsutils  22) less  23) licenses  24) linux  25) logrotate  26) lvm2  27) man-db  28) man-pages  29) mdadm  30) nano  31) netctl  32) pacman  33) pciutils  34) pcmciautils  35) perl  36) procps-ng  37) psmisc  38) reiserfsprogs  39) s-nail  40) sed  41) shadow  42) sysfsutils  43) systemd-sysvcompat  44) tar  45) texinfo  46) usbutils  47) util-linux  48) vi  49) which  50) xfsprogs

Enter a selection (default=all): warning: bash-4.3.039-1 is up to date -- reinstalling
warning: bzip2-1.0.6-5 is up to date -- reinstalling
warning: coreutils-8.23-2 is up to date -- reinstalling
warning: cryptsetup-1.6.7-1 is up to date -- reinstalling
warning: device-mapper-2.02.122-1 is up to date -- reinstalling
warning: dhcpcd-6.9.0-1 is up to date -- reinstalling
warning: diffutils-3.3-2 is up to date -- reinstalling
warning: e2fsprogs-1.42.12-2 is up to date -- reinstalling
warning: file-5.23-2 is up to date -- reinstalling
warning: filesystem-2015.02-1 is up to date -- reinstalling
warning: findutils-4.4.2-6 is up to date -- reinstalling
warning: gawk-4.1.3-1 is up to date -- reinstalling
warning: gcc-libs-5.1.0-5 is up to date -- reinstalling
warning: gettext-0.19.4-1 is up to date -- reinstalling
warning: glibc-2.21-4 is up to date -- reinstalling
warning: grep-2.21-2 is up to date -- reinstalling
warning: gzip-1.6-1 is up to date -- reinstalling
warning: inetutils-1.9.4-1 is up to date -- reinstalling
warning: iproute2-4.0.0-2 is up to date -- reinstalling
warning: iputils-20140519.fad11dc-1 is up to date -- reinstalling
warning: jfsutils-1.1.15-4 is up to date -- reinstalling
warning: less-478-1 is up to date -- reinstalling
warning: licenses-20140629-1 is up to date -- reinstalling
warning: linux-4.0.7-2 is up to date -- reinstalling
warning: logrotate-3.8.9-1 is up to date -- reinstalling
warning: lvm2-2.02.122-1 is up to date -- reinstalling
warning: man-db-2.7.1-1 is up to date -- reinstalling
warning: man-pages-4.00-1 is up to date -- reinstalling
warning: mdadm-3.3.2-2 is up to date -- reinstalling
warning: nano-2.4.1-1 is up to date -- reinstalling
warning: netctl-1.10-2 is up to date -- reinstalling
warning: pacman-4.2.1-1 is up to date -- reinstalling
warning: pciutils-3.3.1-1 is up to date -- reinstalling
warning: pcmciautils-018-7 is up to date -- reinstalling
warning: perl-5.22.0-1 is up to date -- reinstalling
warning: procps-ng-3.3.10-2 is up to date -- reinstalling
warning: psmisc-22.21-2 is up to date -- reinstalling
warning: reiserfsprogs-3.6.24-1 is up to date -- reinstalling
warning: s-nail-14.8.2-1 is up to date -- reinstalling
warning: sed-4.2.2-3 is up to date -- reinstalling
warning: shadow-4.2.1-3 is up to date -- reinstalling
warning: sysfsutils-2.1.0-9 is up to date -- reinstalling
warning: systemd-sysvcompat-221-2 is up to date -- reinstalling
warning: tar-1.28-1 is up to date -- reinstalling
warning: texinfo-5.2-3 is up to date -- reinstalling
warning: usbutils-008-1 is up to date -- reinstalling
warning: util-linux-2.26.2-1 is up to date -- reinstalling
warning: vi-1:070224-1 is up to date -- reinstalling
warning: which-2.21-1 is up to date -- reinstalling
warning: xfsprogs-3.2.2-1 is up to date -- reinstalling
warning: grub-1:2.02.beta2-5 is up to date -- reinstalling
warning: lsb-release-1.4-14 is up to date -- reinstalling

resolving dependencies...
looking for conflicting packages...

Packages (52) bash-4.3.039-1  bzip2-1.0.6-5  coreutils-8.23-2  cryptsetup-1.6.7-1  device-mapper-2.02.122-1  dhcpcd-6.9.0-1  diffutils-3.3-2  e2fsprogs-1.42.12-2  file-5.23-2  filesystem-2015.02-1  findutils-4.4.2-6  gawk-4.1.3-1  gcc-libs-5.1.0-5  gettext-0.19.4-1  glibc-2.21-4  grep-2.21-2  grub-1:2.02.beta2-5  gzip-1.6-1  inetutils-1.9.4-1  iproute2-4.0.0-2  iputils-20140519.fad11dc-1  jfsutils-1.1.15-4  less-478-1  licenses-20140629-1  linux-4.0.7-2  logrotate-3.8.9-1  lsb-release-1.4-14  lvm2-2.02.122-1  man-db-2.7.1-1  man-pages-4.00-1  mdadm-3.3.2-2  nano-2.4.1-1  netctl-1.10-2  pacman-4.2.1-1  pciutils-3.3.1-1  pcmciautils-018-7  perl-5.22.0-1  procps-ng-3.3.10-2  psmisc-22.21-2  reiserfsprogs-3.6.24-1  s-nail-14.8.2-1  sed-4.2.2-3  shadow-4.2.1-3  sysfsutils-2.1.0-9  systemd-sysvcompat-221-2  tar-1.28-1  texinfo-5.2-3  usbutils-008-1  util-linux-2.26.2-1  vi-1:070224-1  which-2.21-1  xfsprogs-3.2.2-1

Total Installed Size:  316.45 MiB
Net Upgrade Size:        0.00 MiB

:: Proceed with installation? [Y/n] 
checking keyring...
checking package integrity...
loading package files...
checking for file conflicts...
checking available disk space...
reinstalling filesystem...
reinstalling glibc...
reinstalling gcc-libs...
reinstalling bash...
reinstalling bzip2...
reinstalling perl...
reinstalling coreutils...
reinstalling e2fsprogs...
reinstalling shadow...
reinstalling util-linux...
reinstalling findutils...
reinstalling less...
reinstalling gzip...
reinstalling texinfo...
reinstalling device-mapper...
reinstalling cryptsetup...
reinstalling dhcpcd...
reinstalling diffutils...
reinstalling file...
reinstalling gawk...
reinstalling gettext...
reinstalling grep...
reinstalling inetutils...
reinstalling iproute2...
reinstalling sysfsutils...
reinstalling iputils...
reinstalling jfsutils...
reinstalling licenses...
reinstalling linux...
>>> Updating module dependencies. Please wait ...
>>> Generating initial ramdisk, using mkinitcpio.  Please wait...
==> Building image from preset: /etc/mkinitcpio.d/linux.preset: 'default'
  -> -k /boot/vmlinuz-linux -c /etc/mkinitcpio.conf -g /boot/initramfs-linux.img
==> Starting build: 4.0.7-2-ARCH
  -> Running build hook: [base]
  -> Running build hook: [udev]
  -> Running build hook: [autodetect]
  -> Running build hook: [modconf]
  -> Running build hook: [block]
  -> Running build hook: [filesystems]
  -> Running build hook: [keyboard]
  -> Running build hook: [fsck]
==> Generating module dependencies
==> Creating gzip-compressed initcpio image: /boot/initramfs-linux.img
==> Image generation successful
==> Building image from preset: /etc/mkinitcpio.d/linux.preset: 'fallback'
  -> -k /boot/vmlinuz-linux -c /etc/mkinitcpio.conf -g /boot/initramfs-linux-fallback.img -S autodetect
==> Starting build: 4.0.7-2-ARCH
  -> Running build hook: [base]
  -> Running build hook: [udev]
  -> Running build hook: [modconf]
  -> Running build hook: [block]
==> WARNING: Possibly missing firmware for module: aic94xx
==> WARNING: Possibly missing firmware for module: wd719x
  -> Running build hook: [filesystems]
  -> Running build hook: [keyboard]
  -> Running build hook: [fsck]
==> Generating module dependencies
==> Creating gzip-compressed initcpio image: /boot/initramfs-linux-fallback.img
==> Image generation successful
reinstalling logrotate...
reinstalling lvm2...
reinstalling man-db...
reinstalling man-pages...
reinstalling mdadm...
reinstalling nano...
reinstalling netctl...
reinstalling pacman...
reinstalling pciutils...
reinstalling pcmciautils...
reinstalling procps-ng...
reinstalling psmisc...
reinstalling reiserfsprogs...
reinstalling s-nail...
reinstalling sed...
reinstalling systemd-sysvcompat...
reinstalling tar...
reinstalling usbutils...
reinstalling vi...
reinstalling which...
reinstalling xfsprogs...
reinstalling grub...
reinstalling lsb-release...
warning: dbus-1.8.18-1 is up to date -- reinstalling
warning: systemd-221-2 is up to date -- reinstalling
warning: systemd-sysvcompat-221-2 is up to date -- reinstalling
warning: syslog-ng-3.6.2-1 is up to date -- reinstalling
warning: cronie-1.5.0-1 is up to date -- reinstalling
resolving dependencies...
looking for conflicting packages...

Packages (5) cronie-1.5.0-1  dbus-1.8.18-1  syslog-ng-3.6.2-1  systemd-221-2  systemd-sysvcompat-221-2

Total Installed Size:  33.84 MiB
Net Upgrade Size:       0.00 MiB

:: Proceed with installation? [Y/n] 
checking keyring...
checking package integrity...
loading package files...
checking for file conflicts...
checking available disk space...
reinstalling dbus...
reinstalling systemd...
reinstalling systemd-sysvcompat...
reinstalling syslog-ng...
reinstalling cronie...
warning: linux-4.0.7-2 is up to date -- reinstalling
warning: linux-headers-4.0.7-2 is up to date -- reinstalling
warning: linux-api-headers-4.0-1 is up to date -- reinstalling
warning: linux-firmware-20150527.3161bfa-1 is up to date -- reinstalling
warning: acpi_call-1.1.0-30 is up to date -- reinstalling
resolving dependencies...
looking for conflicting packages...

Packages (5) acpi_call-1.1.0-30  linux-4.0.7-2  linux-api-headers-4.0-1  linux-firmware-20150527.3161bfa-1  linux-headers-4.0.7-2

Total Installed Size:  199.54 MiB
Net Upgrade Size:        0.00 MiB

:: Proceed with installation? [Y/n] 
checking keyring...
checking package integrity...
loading package files...
checking for file conflicts...
checking available disk space...
reinstalling linux-firmware...
reinstalling linux-api-headers...
reinstalling linux...
>>> Updating module dependencies. Please wait ...
>>> Generating initial ramdisk, using mkinitcpio.  Please wait...
==> Building image from preset: /etc/mkinitcpio.d/linux.preset: 'default'
  -> -k /boot/vmlinuz-linux -c /etc/mkinitcpio.conf -g /boot/initramfs-linux.img
==> Starting build: 4.0.7-2-ARCH
  -> Running build hook: [base]
  -> Running build hook: [udev]
  -> Running build hook: [autodetect]
  -> Running build hook: [modconf]
  -> Running build hook: [block]
  -> Running build hook: [filesystems]
  -> Running build hook: [keyboard]
  -> Running build hook: [fsck]
==> Generating module dependencies
==> Creating gzip-compressed initcpio image: /boot/initramfs-linux.img
==> Image generation successful
==> Building image from preset: /etc/mkinitcpio.d/linux.preset: 'fallback'
  -> -k /boot/vmlinuz-linux -c /etc/mkinitcpio.conf -g /boot/initramfs-linux-fallback.img -S autodetect
==> Starting build: 4.0.7-2-ARCH
  -> Running build hook: [base]
  -> Running build hook: [udev]
  -> Running build hook: [modconf]
  -> Running build hook: [block]
==> WARNING: Possibly missing firmware for module: aic94xx
==> WARNING: Possibly missing firmware for module: wd719x
  -> Running build hook: [filesystems]
  -> Running build hook: [keyboard]
  -> Running build hook: [fsck]
==> Generating module dependencies
==> Creating gzip-compressed initcpio image: /boot/initramfs-linux-fallback.img
==> Image generation successful
reinstalling linux-headers...
reinstalling acpi_call...
warning: linux-lts-3.14.47-1 is up to date -- reinstalling
warning: linux-lts-headers-3.14.47-1 is up to date -- reinstalling
warning: acpi_call-lts-1.1.0-21 is up to date -- reinstalling
resolving dependencies...
looking for conflicting packages...

Packages (3) acpi_call-lts-1.1.0-21  linux-lts-3.14.47-1  linux-lts-headers-3.14.47-1

Total Installed Size:  113.47 MiB
Net Upgrade Size:        0.00 MiB

:: Proceed with installation? [Y/n] 
checking keyring...
checking package integrity...
loading package files...
checking for file conflicts...
checking available disk space...
reinstalling linux-lts...
>>> Updating module dependencies. Please wait ...
>>> Generating initial ramdisk, using mkinitcpio.  Please wait...
==> Building image from preset: /etc/mkinitcpio.d/linux-lts.preset: 'default'
  -> -k /boot/vmlinuz-linux-lts -c /etc/mkinitcpio.conf -g /boot/initramfs-linux-lts.img
==> Starting build: 3.14.47-1-lts
  -> Running build hook: [base]
  -> Running build hook: [udev]
  -> Running build hook: [autodetect]
  -> Running build hook: [modconf]
  -> Running build hook: [block]
  -> Running build hook: [filesystems]
  -> Running build hook: [keyboard]
  -> Running build hook: [fsck]
==> Generating module dependencies
==> Creating gzip-compressed initcpio image: /boot/initramfs-linux-lts.img
==> Image generation successful
==> Building image from preset: /etc/mkinitcpio.d/linux-lts.preset: 'fallback'
  -> -k /boot/vmlinuz-linux-lts -c /etc/mkinitcpio.conf -g /boot/initramfs-linux-lts-fallback.img -S autodetect
==> Starting build: 3.14.47-1-lts
  -> Running build hook: [base]
  -> Running build hook: [udev]
  -> Running build hook: [modconf]
  -> Running build hook: [block]
==> WARNING: Possibly missing firmware for module: aic94xx
  -> Running build hook: [filesystems]
  -> Running build hook: [keyboard]
  -> Running build hook: [fsck]
==> Generating module dependencies
==> Creating gzip-compressed initcpio image: /boot/initramfs-linux-lts-fallback.img
==> Image generation successful
reinstalling linux-lts-headers...
reinstalling acpi_call-lts...
warning: e2fsprogs-1.42.12-2 is up to date -- reinstalling
warning: extundelete-0.2.4-2 is up to date -- reinstalling
warning: ntfs-3g-2015.3.14-1 is up to date -- reinstalling
warning: gptfdisk-1.0.0-1 is up to date -- reinstalling
warning: ecryptfs-utils-106-1 is up to date -- reinstalling
warning: wipe-2.3.1-3 is up to date -- reinstalling
warning: mtpfs-1.1-2 is up to date -- reinstalling
resolving dependencies...
looking for conflicting packages...

Packages (7) e2fsprogs-1.42.12-2  ecryptfs-utils-106-1  extundelete-0.2.4-2  gptfdisk-1.0.0-1  mtpfs-1.1-2  ntfs-3g-2015.3.14-1  wipe-2.3.1-3

Total Installed Size:  6.08 MiB
Net Upgrade Size:      0.00 MiB

:: Proceed with installation? [Y/n] 
checking keyring...
checking package integrity...
loading package files...
checking for file conflicts...
checking available disk space...
reinstalling e2fsprogs...
reinstalling extundelete...
reinstalling ntfs-3g...
reinstalling gptfdisk...
reinstalling ecryptfs-utils...
reinstalling wipe...
reinstalling mtpfs...
warning: dosfstools-3.0.28-1 is up to date -- reinstalling
resolving dependencies...
looking for conflicting packages...

Packages (1) dosfstools-3.0.28-1

Total Installed Size:  0.23 MiB
Net Upgrade Size:      0.00 MiB

:: Proceed with installation? [Y/n] 
checking keyring...
checking package integrity...
loading package files...
checking for file conflicts...
checking available disk space...
reinstalling dosfstools...
warning: acpi-1.7-1 is up to date -- reinstalling
warning: acpid-2.0.23-4 is up to date -- reinstalling
warning: pm-utils-1.4.1-6 is up to date -- reinstalling
warning: powertop-2.7-2 is up to date -- reinstalling
resolving dependencies...
looking for conflicting packages...

Packages (4) acpi-1.7-1  acpid-2.0.23-4  pm-utils-1.4.1-6  powertop-2.7-2

Total Installed Size:  0.90 MiB
Net Upgrade Size:      0.00 MiB

:: Proceed with installation? [Y/n] 
checking keyring...
checking package integrity...
loading package files...
checking for file conflicts...
checking available disk space...
reinstalling acpi...
reinstalling acpid...
reinstalling pm-utils...
reinstalling powertop...
warning: hdparm-9.45-1 is up to date -- reinstalling
warning: smartmontools-6.4-1 is up to date -- reinstalling
resolving dependencies...
looking for conflicting packages...

Packages (2) hdparm-9.45-1  smartmontools-6.4-1

Total Installed Size:  1.63 MiB
Net Upgrade Size:      0.00 MiB

:: Proceed with installation? [Y/n] 
checking keyring...
checking package integrity...
loading package files...
checking for file conflicts...
checking available disk space...
reinstalling hdparm...
reinstalling smartmontools...
warning: bc-1.06.95-1 is up to date -- reinstalling
warning: sudo-1.8.13-1 is up to date -- reinstalling
warning: mc-4.8.14-1 is up to date -- reinstalling
warning: links-2.9-1 is up to date -- reinstalling
resolving dependencies...
looking for conflicting packages...

Packages (4) bc-1.06.95-1  links-2.9-1  mc-4.8.14-1  sudo-1.8.13-1

Total Installed Size:  14.57 MiB
Net Upgrade Size:       0.00 MiB

:: Proceed with installation? [Y/n] 
checking keyring...
checking package integrity...
loading package files...
checking for file conflicts...
checking available disk space...
reinstalling bc...
reinstalling sudo...
reinstalling mc...
reinstalling links...
warning: ntp-4.2.8.p3-1 is up to date -- reinstalling
resolving dependencies...
looking for conflicting packages...

Packages (1) ntp-4.2.8.p3-1

Total Installed Size:  4.15 MiB
Net Upgrade Size:      0.00 MiB

:: Proceed with installation? [Y/n] 
checking keyring...
checking package integrity...
loading package files...
checking for file conflicts...
checking available disk space...
reinstalling ntp...
warning: minicom-2.7-1 is up to date -- reinstalling
resolving dependencies...
looking for conflicting packages...

Packages (1) minicom-2.7-1

Total Installed Size:  0.70 MiB
Net Upgrade Size:      0.00 MiB

:: Proceed with installation? [Y/n] 
checking keyring...
checking package integrity...
loading package files...
checking for file conflicts...
checking available disk space...
reinstalling minicom...
warning: dvd+rw-tools-7.1-6 is up to date -- reinstalling
resolving dependencies...
looking for conflicting packages...

Packages (1) dvd+rw-tools-7.1-6

Total Installed Size:  0.29 MiB
Net Upgrade Size:      0.00 MiB

:: Proceed with installation? [Y/n] 
checking keyring...
checking package integrity...
loading package files...
checking for file conflicts...
checking available disk space...
reinstalling dvd+rw-tools...
warning: zip-3.0-6 is up to date -- reinstalling
warning: unzip-6.0-10 is up to date -- reinstalling
warning: p7zip-9.38.1-3 is up to date -- reinstalling
warning: bzip2-1.0.6-5 is up to date -- reinstalling
warning: unrar-1:5.2.7-1 is up to date -- reinstalling
warning: lxsplit-0.2.4-3 is up to date -- reinstalling
resolving dependencies...
looking for conflicting packages...

Packages (6) bzip2-1.0.6-5  lxsplit-0.2.4-3  p7zip-9.38.1-3  unrar-1:5.2.7-1  unzip-6.0-10  zip-3.0-6

Total Installed Size:  6.38 MiB
Net Upgrade Size:      0.00 MiB

:: Proceed with installation? [Y/n] 
checking keyring...
checking package integrity...
loading package files...
checking for file conflicts...
checking available disk space...
reinstalling bzip2...
reinstalling zip...
reinstalling unzip...
reinstalling p7zip...
reinstalling unrar...
reinstalling lxsplit...
warning: nmap-6.47-3 is up to date -- reinstalling
warning: ufw-0.33-3 is up to date -- reinstalling
warning: whois-5.2.7-1 is up to date -- reinstalling
warning: bind-tools-9.10.2.P1-1 is up to date -- reinstalling
resolving dependencies...
looking for conflicting packages...

Packages (4) bind-tools-9.10.2.P1-1  nmap-6.47-3  ufw-0.33-3  whois-5.2.7-1

Total Installed Size:  27.00 MiB
Net Upgrade Size:       0.00 MiB

:: Proceed with installation? [Y/n] 
checking keyring...
checking package integrity...
loading package files...
checking for file conflicts...
checking available disk space...
reinstalling nmap...
reinstalling ufw...
reinstalling whois...
reinstalling bind-tools...
warning: lftp-4.6.3a-1 is up to date -- reinstalling
warning: rsync-3.1.1-4 is up to date -- reinstalling
warning: wget-1.16.3-1 is up to date -- reinstalling
resolving dependencies...
looking for conflicting packages...

Packages (3) lftp-4.6.3a-1  rsync-3.1.1-4  wget-1.16.3-1

Total Installed Size:  4.85 MiB
Net Upgrade Size:      0.00 MiB

:: Proceed with installation? [Y/n] 
checking keyring...
checking package integrity...
loading package files...
checking for file conflicts...
checking available disk space...
reinstalling lftp...
reinstalling rsync...
reinstalling wget...
warning: usb_modeswitch-2.2.3-1 is up to date -- reinstalling
warning: wvdial-1.61-5 is up to date -- reinstalling
resolving dependencies...
looking for conflicting packages...

Packages (2) usb_modeswitch-2.2.3-1  wvdial-1.61-5

Total Installed Size:  0.50 MiB
Net Upgrade Size:      0.00 MiB

:: Proceed with installation? [Y/n] 
checking keyring...
checking package integrity...
loading package files...
checking for file conflicts...
checking available disk space...
reinstalling usb_modeswitch...
reinstalling wvdial...
warning: ethtool-1:4.0-1 is up to date -- reinstalling
warning: bridge-utils-1.5-2 is up to date -- reinstalling
resolving dependencies...
looking for conflicting packages...

Packages (2) bridge-utils-1.5-2  ethtool-1:4.0-1

Total Installed Size:  0.34 MiB
Net Upgrade Size:      0.00 MiB

:: Proceed with installation? [Y/n] 
checking keyring...
checking package integrity...
loading package files...
checking for file conflicts...
checking available disk space...
reinstalling ethtool...
reinstalling bridge-utils...
warning: net-tools-1.60.20130531git-1 is up to date -- reinstalling
warning: netctl-1.10-2 is up to date -- reinstalling
resolving dependencies...
looking for conflicting packages...

Packages (2) net-tools-1.60.20130531git-1  netctl-1.10-2

Total Installed Size:  0.57 MiB
Net Upgrade Size:      0.00 MiB

:: Proceed with installation? [Y/n] 
checking keyring...
checking package integrity...
loading package files...
checking for file conflicts...
checking available disk space...
reinstalling net-tools...
reinstalling netctl...
warning: rfkill-0.5-1 is up to date -- reinstalling
warning: wireless_tools-30.pre9-1 is up to date -- reinstalling
warning: wpa_supplicant-1:2.3-1 is up to date -- reinstalling
warning: wpa_actiond-1.4-2 is up to date -- reinstalling
resolving dependencies...
looking for conflicting packages...

Packages (4) rfkill-0.5-1  wireless_tools-30.pre9-1  wpa_actiond-1.4-2  wpa_supplicant-1:2.3-1

Total Installed Size:  2.13 MiB
Net Upgrade Size:      0.00 MiB

:: Proceed with installation? [Y/n] 
checking keyring...
checking package integrity...
loading package files...
checking for file conflicts...
checking available disk space...
reinstalling rfkill...
reinstalling wireless_tools...
reinstalling wpa_supplicant...
reinstalling wpa_actiond...
warning: bluez-5.31-1 is up to date -- reinstalling
warning: bluez-firmware-1.2-8 is up to date -- reinstalling
warning: bluez-utils-5.31-1 is up to date -- reinstalling
resolving dependencies...
looking for conflicting packages...

Packages (3) bluez-5.31-1  bluez-firmware-1.2-8  bluez-utils-5.31-1

Total Installed Size:  7.52 MiB
Net Upgrade Size:      0.00 MiB

:: Proceed with installation? [Y/n] 
checking keyring...
checking package integrity...
loading package files...
checking for file conflicts...
checking available disk space...
reinstalling bluez...
reinstalling bluez-firmware...
reinstalling bluez-utils...
warning: networkmanager-1.0.2-4 is up to date -- reinstalling
resolving dependencies...
looking for conflicting packages...

Packages (1) networkmanager-1.0.2-4

Total Installed Size:  16.36 MiB
Net Upgrade Size:       0.00 MiB

:: Proceed with installation? [Y/n] 
checking keyring...
checking package integrity...
loading package files...
checking for file conflicts...
checking available disk space...
reinstalling networkmanager...
warning: xorg-server-1.17.2-2 is up to date -- reinstalling
resolving dependencies...
looking for conflicting packages...

Packages (1) xorg-server-1.17.2-2

Total Installed Size:  3.46 MiB
Net Upgrade Size:      0.00 MiB

:: Proceed with installation? [Y/n] 
checking keyring...
checking package integrity...
loading package files...
checking for file conflicts...
checking available disk space...
reinstalling xorg-server...
warning: mesa-libgl-10.6.1-1 is up to date -- reinstalling
resolving dependencies...
looking for conflicting packages...

Packages (1) mesa-libgl-10.6.1-1

Total Installed Size:  0.00 MiB
Net Upgrade Size:      0.00 MiB

:: Proceed with installation? [Y/n] 
checking keyring...
checking package integrity...
loading package files...
checking for file conflicts...
checking available disk space...
reinstalling mesa-libgl...
warning: xf86-video-intel-1:2.99.917+364+gb24e758-1 is up to date -- reinstalling
warning: mesa-10.6.1-1 is up to date -- reinstalling
warning: libva-intel-driver-1.6.0-1 is up to date -- reinstalling
resolving dependencies...
looking for conflicting packages...

Packages (3) libva-intel-driver-1.6.0-1  mesa-10.6.1-1  xf86-video-intel-1:2.99.917+364+gb24e758-1

Total Installed Size:  35.64 MiB
Net Upgrade Size:       0.00 MiB

:: Proceed with installation? [Y/n] 
checking keyring...
checking package integrity...
loading package files...
checking for file conflicts...
checking available disk space...
reinstalling mesa...
reinstalling xf86-video-intel...
reinstalling libva-intel-driver...
warning: xf86-input-evdev-2.9.2-1 is up to date -- reinstalling
warning: xf86-input-synaptics-1.8.2-2 is up to date -- reinstalling
resolving dependencies...
looking for conflicting packages...

Packages (2) xf86-input-evdev-2.9.2-1  xf86-input-synaptics-1.8.2-2

Total Installed Size:  0.20 MiB
Net Upgrade Size:      0.00 MiB

:: Proceed with installation? [Y/n] 
checking keyring...
checking package integrity...
loading package files...
checking for file conflicts...
checking available disk space...
reinstalling xf86-input-evdev...
reinstalling xf86-input-synaptics...
warning: xf86-video-ati-1:7.5.0-2 is up to date -- reinstalling
warning: mesa-10.6.1-1 is up to date -- reinstalling
resolving dependencies...
looking for conflicting packages...

Packages (2) mesa-10.6.1-1  xf86-video-ati-1:7.5.0-2

Total Installed Size:  32.32 MiB
Net Upgrade Size:       0.00 MiB

:: Proceed with installation? [Y/n] 
checking keyring...
checking package integrity...
loading package files...
checking for file conflicts...
checking available disk space...
reinstalling mesa...
reinstalling xf86-video-ati...
warning: xterm-318-1 is up to date -- reinstalling
warning: xorg-xkill-1.0.4-1 is up to date -- reinstalling
warning: xorg-xhost-1.0.7-1 is up to date -- reinstalling
resolving dependencies...
looking for conflicting packages...

Packages (3) xorg-xhost-1.0.7-1  xorg-xkill-1.0.4-1  xterm-318-1

Total Installed Size:  0.82 MiB
Net Upgrade Size:      0.00 MiB

:: Proceed with installation? [Y/n] 
checking keyring...
checking package integrity...
loading package files...
checking for file conflicts...
checking available disk space...
reinstalling xterm...
reinstalling xorg-xkill...
reinstalling xorg-xhost...
warning: xorg-xdm-1.1.11-5 is up to date -- reinstalling
resolving dependencies...
looking for conflicting packages...

Packages (1) xorg-xdm-1.1.11-5

Total Installed Size:  0.29 MiB
Net Upgrade Size:      0.00 MiB

:: Proceed with installation? [Y/n] 
checking keyring...
checking package integrity...
loading package files...
checking for file conflicts...
checking available disk space...
reinstalling xorg-xdm...
warning: xorg-xinit-1.3.4-2 is up to date -- reinstalling
resolving dependencies...
looking for conflicting packages...

Packages (1) xorg-xinit-1.3.4-2

Total Installed Size:  0.08 MiB
Net Upgrade Size:      0.00 MiB

:: Proceed with installation? [Y/n] 
checking keyring...
checking package integrity...
loading package files...
checking for file conflicts...
checking available disk space...
reinstalling xorg-xinit...
warning: xcursor-simpleandsoft-0.2-7 is up to date -- reinstalling
resolving dependencies...
looking for conflicting packages...

Packages (1) xcursor-simpleandsoft-0.2-7

Total Installed Size:  0.15 MiB
Net Upgrade Size:      0.00 MiB

:: Proceed with installation? [Y/n] 
checking keyring...
checking package integrity...
loading package files...
checking for file conflicts...
checking available disk space...
reinstalling xcursor-simpleandsoft...
warning: git-2.4.5-1 is up to date -- reinstalling
warning: cgit-0.11.2-1 is up to date -- reinstalling
resolving dependencies...
looking for conflicting packages...

Packages (2) cgit-0.11.2-1  git-2.4.5-1

Total Installed Size:  25.54 MiB
Net Upgrade Size:       0.00 MiB

:: Proceed with installation? [Y/n] 
checking keyring...
checking package integrity...
loading package files...
checking for file conflicts...
checking available disk space...
reinstalling git...
reinstalling cgit...
warning: subversion-1.8.13-2 is up to date -- reinstalling
warning: bzr-2.6.0-1 is up to date -- reinstalling
warning: mercurial-3.4.2-1 is up to date -- reinstalling
resolving dependencies...
looking for conflicting packages...

Packages (3) bzr-2.6.0-1  mercurial-3.4.2-1  subversion-1.8.13-2

Total Installed Size:  88.32 MiB
Net Upgrade Size:       0.00 MiB

:: Proceed with installation? [Y/n] 
checking keyring...
checking package integrity...
loading package files...
checking for file conflicts...
checking available disk space...
reinstalling subversion...
reinstalling bzr...
reinstalling mercurial...
warning: cups-2.0.3-1 is up to date -- reinstalling
warning: ghostscript-9.16-1 is up to date -- reinstalling
warning: gsfonts-20150122-1 is up to date -- reinstalling
warning: gutenprint-5.2.10-1 is up to date -- reinstalling
warning: foomatic-db-3:20150620-1 is up to date -- reinstalling
warning: foomatic-db-engine-3:20150620-1 is up to date -- reinstalling
warning: foomatic-db-nonfree-3:20150620-1 is up to date -- reinstalling
warning: cups-filters-1.0.71-1 is up to date -- reinstalling
warning: cups-pdf-2.6.1-2 is up to date -- reinstalling
warning: hplip-3.15.6-1 is up to date -- reinstalling
warning: splix-2.0.0-12 is up to date -- reinstalling
resolving dependencies...
looking for conflicting packages...

Packages (11) cups-2.0.3-1  cups-filters-1.0.71-1  cups-pdf-2.6.1-2  foomatic-db-3:20150620-1  foomatic-db-engine-3:20150620-1  foomatic-db-nonfree-3:20150620-1  ghostscript-9.16-1  gsfonts-20150122-1  gutenprint-5.2.10-1  hplip-3.15.6-1  splix-2.0.0-12

Total Installed Size:  395.07 MiB
Net Upgrade Size:        0.00 MiB

:: Proceed with installation? [Y/n] 
checking keyring...
checking package integrity...
loading package files...
checking for file conflicts...
checking available disk space...
reinstalling cups-filters...
reinstalling cups...
reinstalling ghostscript...
reinstalling gsfonts...
reinstalling gutenprint...
>>please run /usr/bin/cups-genppdupdate
>>and restart cups deamon
reinstalling foomatic-db...
reinstalling foomatic-db-engine...
reinstalling foomatic-db-nonfree...
reinstalling cups-pdf...
reinstalling hplip...
reinstalling splix...
warning: sane-1.0.24-4 is up to date -- reinstalling
resolving dependencies...
looking for conflicting packages...

Packages (1) sane-1.0.24-4

Total Installed Size:  13.96 MiB
Net Upgrade Size:       0.00 MiB

:: Proceed with installation? [Y/n] 
checking keyring...
checking package integrity...
loading package files...
checking for file conflicts...
checking available disk space...
reinstalling sane...
:: There are 25 members in group base-devel:
:: Repository core
   1) autoconf  2) automake  3) binutils  4) bison  5) fakeroot  6) file  7) findutils  8) flex  9) gawk  10) gcc  11) gettext  12) grep  13) groff  14) gzip  15) libtool  16) m4  17) make  18) pacman  19) patch  20) pkg-config  21) sed  22) sudo  23) texinfo  24) util-linux  25) which

Enter a selection (default=all): warning: autoconf-2.69-2 is up to date -- reinstalling
warning: automake-1.15-1 is up to date -- reinstalling
warning: binutils-2.25-5 is up to date -- reinstalling
warning: bison-3.0.4-1 is up to date -- reinstalling
warning: fakeroot-1.20.2-1 is up to date -- reinstalling
warning: file-5.23-2 is up to date -- reinstalling
warning: findutils-4.4.2-6 is up to date -- reinstalling
warning: flex-2.5.39-1 is up to date -- reinstalling
warning: gawk-4.1.3-1 is up to date -- reinstalling
warning: gcc-5.1.0-5 is up to date -- reinstalling
warning: gettext-0.19.4-1 is up to date -- reinstalling
warning: grep-2.21-2 is up to date -- reinstalling
warning: groff-1.22.3-3 is up to date -- reinstalling
warning: gzip-1.6-1 is up to date -- reinstalling
warning: libtool-2.4.6-2 is up to date -- reinstalling
warning: m4-1.4.17-1 is up to date -- reinstalling
warning: make-4.1-1 is up to date -- reinstalling
warning: pacman-4.2.1-1 is up to date -- reinstalling
warning: patch-2.7.5-1 is up to date -- reinstalling
warning: pkg-config-0.28-2 is up to date -- reinstalling
warning: sed-4.2.2-3 is up to date -- reinstalling
warning: sudo-1.8.13-1 is up to date -- reinstalling
warning: texinfo-5.2-3 is up to date -- reinstalling
warning: util-linux-2.26.2-1 is up to date -- reinstalling
warning: which-2.21-1 is up to date -- reinstalling

resolving dependencies...
looking for conflicting packages...

Packages (25) autoconf-2.69-2  automake-1.15-1  binutils-2.25-5  bison-3.0.4-1  fakeroot-1.20.2-1  file-5.23-2  findutils-4.4.2-6  flex-2.5.39-1  gawk-4.1.3-1  gcc-5.1.0-5  gettext-0.19.4-1  grep-2.21-2  groff-1.22.3-3  gzip-1.6-1  libtool-2.4.6-2  m4-1.4.17-1  make-4.1-1  pacman-4.2.1-1  patch-2.7.5-1  pkg-config-0.28-2  sed-4.2.2-3  sudo-1.8.13-1  texinfo-5.2-3  util-linux-2.26.2-1  which-2.21-1

Total Installed Size:  187.65 MiB
Net Upgrade Size:        0.00 MiB

:: Proceed with installation? [Y/n] 
checking keyring...
checking package integrity...
loading package files...
checking for file conflicts...
checking available disk space...
reinstalling gawk...
reinstalling m4...
reinstalling autoconf...
reinstalling automake...
reinstalling binutils...
reinstalling bison...
reinstalling sed...
reinstalling util-linux...
reinstalling fakeroot...
reinstalling file...
reinstalling findutils...
reinstalling flex...
reinstalling gcc...
reinstalling gettext...
reinstalling grep...
reinstalling groff...
reinstalling gzip...
reinstalling libtool...
reinstalling texinfo...
reinstalling make...
reinstalling pacman...
reinstalling patch...
reinstalling pkg-config...
reinstalling sudo...
reinstalling which...
warning: binutils-2.25-5 is up to date -- reinstalling
warning: gcc-5.1.0-5 is up to date -- reinstalling
warning: gcc-libs-5.1.0-5 is up to date -- reinstalling
warning: libtool-2.4.6-2 is up to date -- reinstalling
resolving dependencies...
looking for conflicting packages...

Packages (4) binutils-2.25-5  gcc-5.1.0-5  gcc-libs-5.1.0-5  libtool-2.4.6-2

Total Installed Size:  165.51 MiB
Net Upgrade Size:        0.00 MiB

:: Proceed with installation? [Y/n] 
checking keyring...
checking package integrity...
loading package files...
checking for file conflicts...
checking available disk space...
reinstalling binutils...
reinstalling gcc-libs...
reinstalling gcc...
reinstalling libtool...
warning: gcc-go-5.1.0-5 is up to date -- reinstalling
resolving dependencies...
looking for conflicting packages...

Packages (1) gcc-go-5.1.0-5

Total Installed Size:  42.30 MiB
Net Upgrade Size:       0.00 MiB

:: Proceed with installation? [Y/n] 
checking keyring...
checking package integrity...
loading package files...
checking for file conflicts...
checking available disk space...
reinstalling gcc-go...
warning: make-4.1-1 is up to date -- reinstalling
warning: cmake-3.2.3-1 is up to date -- reinstalling
warning: scons-2.3.4-1 is up to date -- reinstalling
warning: automake-1.15-1 is up to date -- reinstalling
warning: autoconf-2.69-2 is up to date -- reinstalling
warning: libtool-2.4.6-2 is up to date -- reinstalling
warning: m4-1.4.17-1 is up to date -- reinstalling
warning: patch-2.7.5-1 is up to date -- reinstalling
warning: pkg-config-0.28-2 is up to date -- reinstalling
resolving dependencies...
looking for conflicting packages...

Packages (9) autoconf-2.69-2  automake-1.15-1  cmake-3.2.3-1  libtool-2.4.6-2  m4-1.4.17-1  make-4.1-1  patch-2.7.5-1  pkg-config-0.28-2  scons-2.3.4-1

Total Installed Size:  38.98 MiB
Net Upgrade Size:       0.00 MiB

:: Proceed with installation? [Y/n] 
checking keyring...
checking package integrity...
loading package files...
checking for file conflicts...
checking available disk space...
reinstalling libtool...
reinstalling make...
reinstalling cmake...
reinstalling scons...
reinstalling automake...
reinstalling m4...
reinstalling autoconf...
reinstalling patch...
reinstalling pkg-config...
warning: flex-2.5.39-1 is up to date -- reinstalling
warning: bison-3.0.4-1 is up to date -- reinstalling
warning: gperf-3.0.4-5 is up to date -- reinstalling
resolving dependencies...
looking for conflicting packages...

Packages (3) bison-3.0.4-1  flex-2.5.39-1  gperf-3.0.4-5

Total Installed Size:  4.04 MiB
Net Upgrade Size:      0.00 MiB

:: Proceed with installation? [Y/n] 
checking keyring...
checking package integrity...
loading package files...
checking for file conflicts...
checking available disk space...
reinstalling flex...
reinstalling bison...
reinstalling gperf...
warning: gdb-7.9.1-1 is up to date -- reinstalling
warning: valgrind-3.10.1-2 is up to date -- reinstalling
resolving dependencies...
looking for conflicting packages...

Packages (2) gdb-7.9.1-1  valgrind-3.10.1-2

Total Installed Size:  69.31 MiB
Net Upgrade Size:       0.00 MiB

:: Proceed with installation? [Y/n] 
checking keyring...
checking package integrity...
loading package files...
checking for file conflicts...
checking available disk space...
reinstalling gdb...
reinstalling valgrind...
warning: cppunit-1.13.2-1 is up to date -- reinstalling
warning: gtest-1.7.0-1 is up to date -- reinstalling
resolving dependencies...
looking for conflicting packages...

Packages (2) cppunit-1.13.2-1  gtest-1.7.0-1

Total Installed Size:  2.89 MiB
Net Upgrade Size:      0.00 MiB

:: Proceed with installation? [Y/n] 
checking keyring...
checking package integrity...
loading package files...
checking for file conflicts...
checking available disk space...
reinstalling cppunit...
reinstalling gtest...
warning: doxygen-1.8.9.1-1 is up to date -- reinstalling
resolving dependencies...
looking for conflicting packages...

Packages (1) doxygen-1.8.9.1-1

Total Installed Size:  11.94 MiB
Net Upgrade Size:       0.00 MiB

:: Proceed with installation? [Y/n] 
checking keyring...
checking package integrity...
loading package files...
checking for file conflicts...
checking available disk space...
reinstalling doxygen...
warning: zlib-1.2.8-4 is up to date -- reinstalling
warning: boost-1.58.0-2 is up to date -- reinstalling
resolving dependencies...
looking for conflicting packages...

Packages (2) boost-1.58.0-2  zlib-1.2.8-4

Total Installed Size:  143.33 MiB
Net Upgrade Size:        0.00 MiB

:: Proceed with installation? [Y/n] 
checking keyring...
checking package integrity...
loading package files...
checking for file conflicts...
checking available disk space...
reinstalling zlib...
reinstalling boost...
warning: openmpi-1.8.6-1 is up to date -- reinstalling
warning: opencv-2.4.10-3 is up to date -- reinstalling
resolving dependencies...
looking for conflicting packages...

Packages (2) opencv-2.4.10-3  openmpi-1.8.6-1

Total Installed Size:  63.51 MiB
Net Upgrade Size:       0.00 MiB

:: Proceed with installation? [Y/n] 
checking keyring...
checking package integrity...
loading package files...
checking for file conflicts...
checking available disk space...
reinstalling openmpi...
reinstalling opencv...
warning: android-udev-r142-1 is up to date -- reinstalling
resolving dependencies...
looking for conflicting packages...

Packages (1) android-udev-r142-1

Total Installed Size:  0.01 MiB
Net Upgrade Size:      0.00 MiB

:: Proceed with installation? [Y/n] 
checking keyring...
checking package integrity...
loading package files...
checking for file conflicts...
checking available disk space...
reinstalling android-udev...
warning: android-tools-5.1.1_r5-1 is up to date -- reinstalling
resolving dependencies...
looking for conflicting packages...

Packages (1) android-tools-5.1.1_r5-1

Total Installed Size:  0.31 MiB
Net Upgrade Size:      0.00 MiB

:: Proceed with installation? [Y/n] 
checking keyring...
checking package integrity...
loading package files...
checking for file conflicts...
checking available disk space...
reinstalling android-tools...
warning: lib32-zlib-1.2.8-1 is up to date -- reinstalling
warning: lib32-ncurses-5.9-3 is up to date -- reinstalling
warning: lib32-readline-6.3.008-1 is up to date -- reinstalling
resolving dependencies...
looking for conflicting packages...

Packages (3) lib32-ncurses-5.9-3  lib32-readline-6.3.008-1  lib32-zlib-1.2.8-1

Total Installed Size:  1.46 MiB
Net Upgrade Size:      0.00 MiB

:: Proceed with installation? [Y/n] 
checking keyring...
checking package integrity...
loading package files...
checking for file conflicts...
checking available disk space...
reinstalling lib32-zlib...
reinstalling lib32-ncurses...
reinstalling lib32-readline...
warning: uboot-tools-2015.04-1 is up to date -- reinstalling
resolving dependencies...
looking for conflicting packages...

Packages (1) uboot-tools-2015.04-1

Total Installed Size:  0.33 MiB
Net Upgrade Size:      0.00 MiB

:: Proceed with installation? [Y/n] 
checking keyring...
checking package integrity...
loading package files...
checking for file conflicts...
checking available disk space...
reinstalling uboot-tools...
warning: dart-1.11.1-1 is up to date -- reinstalling
resolving dependencies...
looking for conflicting packages...

Packages (1) dart-1.11.1-1

Total Installed Size:  32.16 MiB
Net Upgrade Size:       0.00 MiB

:: Proceed with installation? [Y/n] 
checking keyring...
checking package integrity...
loading package files...
checking for file conflicts...
checking available disk space...
reinstalling dart...
warning: jre8-openjdk-8.u45-1 is up to date -- reinstalling
resolving dependencies...
looking for conflicting packages...

Packages (1) jre8-openjdk-8.u45-1

Total Installed Size:  0.38 MiB
Net Upgrade Size:      0.00 MiB

:: Proceed with installation? [Y/n] 
checking keyring...
checking package integrity...
loading package files...
checking for file conflicts...
checking available disk space...
reinstalling jre8-openjdk...
warning: jdk8-openjdk-8.u45-1 is up to date -- reinstalling
resolving dependencies...
looking for conflicting packages...

Packages (1) jdk8-openjdk-8.u45-1

Total Installed Size:  37.72 MiB
Net Upgrade Size:       0.00 MiB

:: Proceed with installation? [Y/n] 
checking keyring...
checking package integrity...
loading package files...
checking for file conflicts...
checking available disk space...
reinstalling jdk8-openjdk...
warning: icedtea-web-1.6-1 is up to date -- reinstalling
resolving dependencies...
looking for conflicting packages...

Packages (1) icedtea-web-1.6-1

Total Installed Size:  2.03 MiB
Net Upgrade Size:      0.00 MiB

:: Proceed with installation? [Y/n] 
checking keyring...
checking package integrity...
loading package files...
checking for file conflicts...
checking available disk space...
reinstalling icedtea-web...
warning: python-3.4.3-2 is up to date -- reinstalling
warning: python-docs-3.4.3-1 is up to date -- reinstalling
resolving dependencies...
looking for conflicting packages...

Packages (2) python-3.4.3-2  python-docs-3.4.3-1

Total Installed Size:  124.65 MiB
Net Upgrade Size:        0.00 MiB

:: Proceed with installation? [Y/n] 
checking keyring...
checking package integrity...
loading package files...
checking for file conflicts...
checking available disk space...
reinstalling python...
reinstalling python-docs...
warning: python-django-1.8.2-1 is up to date -- reinstalling
resolving dependencies...
looking for conflicting packages...

Packages (1) python-django-1.8.2-1

Total Installed Size:  23.40 MiB
Net Upgrade Size:       0.00 MiB

:: Proceed with installation? [Y/n] 
checking keyring...
checking package integrity...
loading package files...
checking for file conflicts...
checking available disk space...
reinstalling python-django...
warning: python-pillow-2.8.2-1 is up to date -- reinstalling
resolving dependencies...
looking for conflicting packages...

Packages (1) python-pillow-2.8.2-1

Total Installed Size:  1.74 MiB
Net Upgrade Size:      0.00 MiB

:: Proceed with installation? [Y/n] 
checking keyring...
checking package integrity...
loading package files...
checking for file conflicts...
checking available disk space...
reinstalling python-pillow...
warning: python-psycopg2-2.6-2 is up to date -- reinstalling
warning: python-pymongo-3.0.3-1 is up to date -- reinstalling
resolving dependencies...
looking for conflicting packages...

Packages (2) python-psycopg2-2.6-2  python-pymongo-3.0.3-1

Total Installed Size:  2.74 MiB
Net Upgrade Size:      0.00 MiB

:: Proceed with installation? [Y/n] 
checking keyring...
checking package integrity...
loading package files...
checking for file conflicts...
checking available disk space...
reinstalling python-psycopg2...
reinstalling python-pymongo...
warning: python-pip-7.1.0-1 is up to date -- reinstalling
warning: python-virtualenv-13.1.0-1 is up to date -- reinstalling
warning: python-setuptools-1:18.0.1-1 is up to date -- reinstalling
resolving dependencies...
looking for conflicting packages...

Packages (3) python-pip-7.1.0-1  python-setuptools-1:18.0.1-1  python-virtualenv-13.1.0-1

Total Installed Size:  8.56 MiB
Net Upgrade Size:      0.00 MiB

:: Proceed with installation? [Y/n] 
checking keyring...
checking package integrity...
loading package files...
checking for file conflicts...
checking available disk space...
reinstalling python-setuptools...
reinstalling python-pip...
reinstalling python-virtualenv...
warning: python-six-1.9.0-1 is up to date -- reinstalling
resolving dependencies...
looking for conflicting packages...

Packages (1) python-six-1.9.0-1

Total Installed Size:  0.08 MiB
Net Upgrade Size:      0.00 MiB

:: Proceed with installation? [Y/n] 
checking keyring...
checking package integrity...
loading package files...
checking for file conflicts...
checking available disk space...
reinstalling python-six...
warning: python-docutils-0.12-1 is up to date -- reinstalling
resolving dependencies...
looking for conflicting packages...

Packages (1) python-docutils-0.12-1

Total Installed Size:  4.19 MiB
Net Upgrade Size:      0.00 MiB

:: Proceed with installation? [Y/n] 
checking keyring...
checking package integrity...
loading package files...
checking for file conflicts...
checking available disk space...
reinstalling python-docutils...
warning: pep8-1.6.2-2 is up to date -- reinstalling
resolving dependencies...
looking for conflicting packages...

Packages (1) pep8-1.6.2-2

Total Installed Size:  0.23 MiB
Net Upgrade Size:      0.00 MiB

:: Proceed with installation? [Y/n] 
checking keyring...
checking package integrity...
loading package files...
checking for file conflicts...
checking available disk space...
reinstalling pep8...
warning: python-mccabe-0.3.1-1 is up to date -- reinstalling
warning: python-pyflakes-0.9.2-1 is up to date -- reinstalling
warning: flake8-1:2.4.1-2 is up to date -- reinstalling
resolving dependencies...
looking for conflicting packages...

Packages (3) flake8-1:2.4.1-2  python-mccabe-0.3.1-1  python-pyflakes-0.9.2-1

Total Installed Size:  0.69 MiB
Net Upgrade Size:      0.00 MiB

:: Proceed with installation? [Y/n] 
checking keyring...
checking package integrity...
loading package files...
checking for file conflicts...
checking available disk space...
reinstalling python-mccabe...
reinstalling python-pyflakes...
reinstalling flake8...
warning: python-jedi-0.9.0-1 is up to date -- reinstalling
resolving dependencies...
looking for conflicting packages...

Packages (1) python-jedi-0.9.0-1

Total Installed Size:  1.25 MiB
Net Upgrade Size:      0.00 MiB

:: Proceed with installation? [Y/n] 
checking keyring...
checking package integrity...
loading package files...
checking for file conflicts...
checking available disk space...
reinstalling python-jedi...
warning: devtools-20150606-1 is up to date -- reinstalling
resolving dependencies...
looking for conflicting packages...

Packages (1) devtools-20150606-1

Total Installed Size:  0.14 MiB
Net Upgrade Size:      0.00 MiB

:: Proceed with installation? [Y/n] 
checking keyring...
checking package integrity...
loading package files...
checking for file conflicts...
checking available disk space...
reinstalling devtools...
warning: abs-2.4.4-2 is up to date -- reinstalling
resolving dependencies...
looking for conflicting packages...

Packages (1) abs-2.4.4-2

Total Installed Size:  0.03 MiB
Net Upgrade Size:      0.00 MiB

:: Proceed with installation? [Y/n] 
checking keyring...
checking package integrity...
loading package files...
checking for file conflicts...
checking available disk space...
reinstalling abs...
warning: gst-plugins-base-1.4.5-1 is up to date -- reinstalling
warning: gst-plugins-good-1.4.5-3 is up to date -- reinstalling
warning: gst-plugins-bad-1.4.5-4 is up to date -- reinstalling
warning: gst-plugins-ugly-1.4.5-2 is up to date -- reinstalling
resolving dependencies...
looking for conflicting packages...

Packages (4) gst-plugins-bad-1.4.5-4  gst-plugins-base-1.4.5-1  gst-plugins-good-1.4.5-3  gst-plugins-ugly-1.4.5-2

Total Installed Size:  19.41 MiB
Net Upgrade Size:       0.00 MiB

:: Proceed with installation? [Y/n] 
checking keyring...
checking package integrity...
loading package files...
checking for file conflicts...
checking available disk space...
reinstalling gst-plugins-base...
reinstalling gst-plugins-good...
reinstalling gst-plugins-bad...
reinstalling gst-plugins-ugly...
warning: gstreamer0.10-0.10.36-4 is up to date -- reinstalling
warning: gstreamer0.10-base-plugins-0.10.36-3 is up to date -- reinstalling
warning: gstreamer0.10-good-plugins-0.10.31-8 is up to date -- reinstalling
warning: gstreamer0.10-bad-plugins-0.10.23-10 is up to date -- reinstalling
warning: gstreamer0.10-ugly-plugins-0.10.19-14 is up to date -- reinstalling
resolving dependencies...
looking for conflicting packages...

Packages (5) gstreamer0.10-0.10.36-4  gstreamer0.10-bad-plugins-0.10.23-10  gstreamer0.10-base-plugins-0.10.36-3  gstreamer0.10-good-plugins-0.10.31-8  gstreamer0.10-ugly-plugins-0.10.19-14

Total Installed Size:  10.09 MiB
Net Upgrade Size:       0.00 MiB

:: Proceed with installation? [Y/n] 
checking keyring...
checking package integrity...
loading package files...
checking for file conflicts...
checking available disk space...
reinstalling gstreamer0.10...
reinstalling gstreamer0.10-base-plugins...
reinstalling gstreamer0.10-good-plugins...

(gconftool-2:21411): GConf-WARNING **: Client failed to connect to the D-BUS daemon:
Unable to autolaunch a dbus-daemon without a $DISPLAY for X11

(gconftool-2:21416): GConf-WARNING **: Client failed to connect to the D-BUS daemon:
Unable to autolaunch a dbus-daemon without a $DISPLAY for X11
reinstalling gstreamer0.10-bad-plugins...
reinstalling gstreamer0.10-ugly-plugins...
warning: pulseaudio-6.0-2 is up to date -- reinstalling
warning: pulseaudio-alsa-2-3 is up to date -- reinstalling
resolving dependencies...
looking for conflicting packages...

Packages (2) pulseaudio-6.0-2  pulseaudio-alsa-2-3

Total Installed Size:  5.20 MiB
Net Upgrade Size:      0.00 MiB

:: Proceed with installation? [Y/n] 
checking keyring...
checking package integrity...
loading package files...
checking for file conflicts...
checking available disk space...
reinstalling pulseaudio...
reinstalling pulseaudio-alsa...
warning: alsa-utils-1.0.29-1 is up to date -- reinstalling
resolving dependencies...
looking for conflicting packages...

Packages (1) alsa-utils-1.0.29-1

Total Installed Size:  1.96 MiB
Net Upgrade Size:      0.00 MiB

:: Proceed with installation? [Y/n] 
checking keyring...
checking package integrity...
loading package files...
checking for file conflicts...
checking available disk space...
reinstalling alsa-utils...
warning: webrtc-audio-processing-0.1-2 is up to date -- reinstalling
resolving dependencies...
looking for conflicting packages...

Packages (1) webrtc-audio-processing-0.1-2

Total Installed Size:  0.33 MiB
Net Upgrade Size:      0.00 MiB

:: Proceed with installation? [Y/n] 
checking keyring...
checking package integrity...
loading package files...
checking for file conflicts...
checking available disk space...
reinstalling webrtc-audio-processing...
warning: flac-1.3.1-1 is up to date -- reinstalling
warning: faad2-2.7-4 is up to date -- reinstalling
warning: xvidcore-1.3.4-1 is up to date -- reinstalling
warning: speex-1.2rc2-1 is up to date -- reinstalling
warning: x264-2:144.20150223-1 is up to date -- reinstalling
warning: opencore-amr-0.1.3-2 is up to date -- reinstalling
warning: ffmpeg-1:2.7.1-1 is up to date -- reinstalling
resolving dependencies...
looking for conflicting packages...

Packages (7) faad2-2.7-4  ffmpeg-1:2.7.1-1  flac-1.3.1-1  opencore-amr-0.1.3-2  speex-1.2rc2-1  x264-2:144.20150223-1  xvidcore-1.3.4-1

Total Installed Size:  28.54 MiB
Net Upgrade Size:       0.00 MiB

:: Proceed with installation? [Y/n] 
checking keyring...
checking package integrity...
loading package files...
checking for file conflicts...
checking available disk space...
reinstalling flac...
reinstalling faad2...
reinstalling xvidcore...
reinstalling speex...
reinstalling opencore-amr...
reinstalling ffmpeg...
reinstalling x264...
warning: lame-3.99.5-2 is up to date -- reinstalling
warning: id3-0.79-1 is up to date -- reinstalling
resolving dependencies...
looking for conflicting packages...

Packages (2) id3-0.79-1  lame-3.99.5-2

Total Installed Size:  1.01 MiB
Net Upgrade Size:      0.00 MiB

:: Proceed with installation? [Y/n] 
checking keyring...
checking package integrity...
loading package files...
checking for file conflicts...
checking available disk space...
reinstalling lame...
reinstalling id3...
warning: vlc-2.2.1-6 is up to date -- reinstalling
resolving dependencies...
looking for conflicting packages...

Packages (1) vlc-2.2.1-6

Total Installed Size:  47.90 MiB
Net Upgrade Size:       0.00 MiB

:: Proceed with installation? [Y/n] 
checking keyring...
checking package integrity...
loading package files...
checking for file conflicts...
checking available disk space...
reinstalling vlc...
warning: cdrkit-1.1.11-3 is up to date -- reinstalling
resolving dependencies...
looking for conflicting packages...

Packages (1) cdrkit-1.1.11-3

Total Installed Size:  2.56 MiB
Net Upgrade Size:      0.00 MiB

:: Proceed with installation? [Y/n] 
checking keyring...
checking package integrity...
loading package files...
checking for file conflicts...
checking available disk space...
reinstalling cdrkit...
warning: calibre-2.31.0-1 is up to date -- reinstalling
resolving dependencies...
looking for conflicting packages...

Packages (1) calibre-2.31.0-1

Total Installed Size:  86.52 MiB
Net Upgrade Size:       0.00 MiB

:: Proceed with installation? [Y/n] 
checking keyring...
checking package integrity...
loading package files...
checking for file conflicts...
checking available disk space...
reinstalling calibre...
warning: libreoffice-fresh-4.4.4-1 is up to date -- reinstalling
resolving dependencies...
looking for conflicting packages...

Packages (1) libreoffice-fresh-4.4.4-1

Total Installed Size:  325.51 MiB
Net Upgrade Size:        0.00 MiB

:: Proceed with installation? [Y/n] 
checking keyring...
checking package integrity...
loading package files...
checking for file conflicts...
checking available disk space...
reinstalling libreoffice-fresh...
warning: hunspell-1.3.3-1 is up to date -- reinstalling
warning: hunspell-en-2015.05.18-4 is up to date -- reinstalling
resolving dependencies...
looking for conflicting packages...

Packages (2) hunspell-1.3.3-1  hunspell-en-2015.05.18-4

Total Installed Size:  2.67 MiB
Net Upgrade Size:      0.00 MiB

:: Proceed with installation? [Y/n] 
checking keyring...
checking package integrity...
loading package files...
checking for file conflicts...
checking available disk space...
reinstalling hunspell...
reinstalling hunspell-en...
warning: simple-scan-3.16.2-1 is up to date -- reinstalling
resolving dependencies...
looking for conflicting packages...

Packages (1) simple-scan-3.16.2-1

Total Installed Size:  1.17 MiB
Net Upgrade Size:      0.00 MiB

:: Proceed with installation? [Y/n] 
checking keyring...
checking package integrity...
loading package files...
checking for file conflicts...
checking available disk space...
reinstalling simple-scan...
warning: aspell-0.60.6.1-2 is up to date -- reinstalling
warning: aspell-en-2015.04.24-1 is up to date -- reinstalling
resolving dependencies...
looking for conflicting packages...

Packages (2) aspell-0.60.6.1-2  aspell-en-2015.04.24-1

Total Installed Size:  6.77 MiB
Net Upgrade Size:      0.00 MiB

:: Proceed with installation? [Y/n] 
checking keyring...
checking package integrity...
loading package files...
checking for file conflicts...
checking available disk space...
reinstalling aspell...
reinstalling aspell-en...
warning: vim-7.4.764-1 is up to date -- reinstalling
resolving dependencies...
looking for conflicting packages...

Packages (1) vim-7.4.764-1

Total Installed Size:  2.57 MiB
Net Upgrade Size:      0.00 MiB

:: Proceed with installation? [Y/n] 
checking keyring...
checking package integrity...
loading package files...
checking for file conflicts...
checking available disk space...
reinstalling vim...
warning: emacs-24.5-1 is up to date -- reinstalling
warning: emacs-python-mode-6.2.0-1 is up to date -- reinstalling
resolving dependencies...
looking for conflicting packages...

Packages (2) emacs-24.5-1  emacs-python-mode-6.2.0-1

Total Installed Size:  100.78 MiB
Net Upgrade Size:        0.00 MiB

:: Proceed with installation? [Y/n] 
checking keyring...
checking package integrity...
loading package files...
checking for file conflicts...
checking available disk space...
reinstalling emacs...
reinstalling emacs-python-mode...
==> Put this in your /root/.emacs file to enable python-mode
==> autoloading and autorecognition of "*.py" files:

(autoload 'python-mode "python-mode.el" "Python mode." t)
(setq auto-mode-alist (append '(("/.*\.py\'" . python-mode)) auto-mode-alist))
warning: gimp-2.8.14-3 is up to date -- reinstalling
resolving dependencies...
looking for conflicting packages...

Packages (1) gimp-2.8.14-3

Total Installed Size:  65.25 MiB
Net Upgrade Size:       0.00 MiB

:: Proceed with installation? [Y/n] 
checking keyring...
checking package integrity...
loading package files...
checking for file conflicts...
checking available disk space...
reinstalling gimp...
warning: inkscape-0.91-9 is up to date -- reinstalling
resolving dependencies...
looking for conflicting packages...

Packages (1) inkscape-0.91-9

Total Installed Size:  94.52 MiB
Net Upgrade Size:       0.00 MiB

:: Proceed with installation? [Y/n] 
checking keyring...
checking package integrity...
loading package files...
checking for file conflicts...
checking available disk space...
reinstalling inkscape...
warning: graphviz-2.38.0-5 is up to date -- reinstalling
resolving dependencies...
looking for conflicting packages...

Packages (1) graphviz-2.38.0-5

Total Installed Size:  69.90 MiB
Net Upgrade Size:       0.00 MiB

:: Proceed with installation? [Y/n] 
checking keyring...
checking package integrity...
loading package files...
checking for file conflicts...
checking available disk space...
reinstalling graphviz...
warning: sqlite-3.8.10.2-1 is up to date -- reinstalling
resolving dependencies...
looking for conflicting packages...

Packages (1) sqlite-3.8.10.2-1

Total Installed Size:  2.06 MiB
Net Upgrade Size:      0.00 MiB

:: Proceed with installation? [Y/n] 
checking keyring...
checking package integrity...
loading package files...
checking for file conflicts...
checking available disk space...
reinstalling sqlite...
warning: mariadb-10.0.20-1 is up to date -- reinstalling
warning: libmariadbclient-10.0.20-1 is up to date -- reinstalling
warning: mariadb-clients-10.0.20-1 is up to date -- reinstalling
resolving dependencies...
looking for conflicting packages...

Packages (3) libmariadbclient-10.0.20-1  mariadb-10.0.20-1  mariadb-clients-10.0.20-1

Total Installed Size:  156.78 MiB
Net Upgrade Size:        0.00 MiB

:: Proceed with installation? [Y/n] 
checking keyring...
checking package integrity...
loading package files...
checking for file conflicts...
checking available disk space...
reinstalling libmariadbclient...
reinstalling mariadb-clients...
reinstalling mariadb...
warning: mongodb-3.0.4-1 is up to date -- reinstalling
resolving dependencies...
looking for conflicting packages...

Packages (1) mongodb-3.0.4-1

Total Installed Size:  81.84 MiB
Net Upgrade Size:       0.00 MiB

:: Proceed with installation? [Y/n] 
checking keyring...
checking package integrity...
loading package files...
checking for file conflicts...
checking available disk space...
reinstalling mongodb...
warning: postgresql-9.4.4-2 is up to date -- reinstalling
warning: postgresql-docs-9.4.4-2 is up to date -- reinstalling
warning: postgresql-libs-9.4.4-2 is up to date -- reinstalling
resolving dependencies...
looking for conflicting packages...

Packages (3) postgresql-9.4.4-2  postgresql-docs-9.4.4-2  postgresql-libs-9.4.4-2

Total Installed Size:  41.46 MiB
Net Upgrade Size:       0.00 MiB

:: Proceed with installation? [Y/n] 
checking keyring...
checking package integrity...
loading package files...
checking for file conflicts...
checking available disk space...
reinstalling postgresql-libs...
reinstalling postgresql...
reinstalling postgresql-docs...
warning: openssh-6.9p1-1 is up to date -- reinstalling
warning: sshpass-1.05-2 is up to date -- reinstalling
warning: openssl-1.0.2.c-1 is up to date -- reinstalling
warning: openvpn-2.3.6-1 is up to date -- reinstalling
resolving dependencies...
looking for conflicting packages...

Packages (4) openssh-6.9p1-1  openssl-1.0.2.c-1  openvpn-2.3.6-1  sshpass-1.05-2

Total Installed Size:  14.21 MiB
Net Upgrade Size:       0.00 MiB

:: Proceed with installation? [Y/n] 
checking keyring...
checking package integrity...
loading package files...
checking for file conflicts...
checking available disk space...
reinstalling openssl...
reinstalling openssh...
reinstalling sshpass...
reinstalling openvpn...
warning: openvpn-2.3.6-1 is up to date -- reinstalling
resolving dependencies...
looking for conflicting packages...

Packages (1) openvpn-2.3.6-1

Total Installed Size:  0.83 MiB
Net Upgrade Size:      0.00 MiB

:: Proceed with installation? [Y/n] 
checking keyring...
checking package integrity...
loading package files...
checking for file conflicts...
checking available disk space...
reinstalling openvpn...
warning: apache-2.4.12-4 is up to date -- reinstalling
resolving dependencies...
looking for conflicting packages...

Packages (1) apache-2.4.12-4

Total Installed Size:  5.06 MiB
Net Upgrade Size:      0.00 MiB

:: Proceed with installation? [Y/n] 
checking keyring...
checking package integrity...
loading package files...
checking for file conflicts...
checking available disk space...
reinstalling apache...
warning: mod_wsgi-4.4.11-1 is up to date -- reinstalling
resolving dependencies...
looking for conflicting packages...

Packages (1) mod_wsgi-4.4.11-1

Total Installed Size:  0.22 MiB
Net Upgrade Size:      0.00 MiB

:: Proceed with installation? [Y/n] 
checking keyring...
checking package integrity...
loading package files...
checking for file conflicts...
checking available disk space...
reinstalling mod_wsgi...
warning: nodejs-0.12.6-1 is up to date -- reinstalling
resolving dependencies...
looking for conflicting packages...

Packages (1) nodejs-0.12.6-1

Total Installed Size:  11.65 MiB
Net Upgrade Size:       0.00 MiB

:: Proceed with installation? [Y/n] 
checking keyring...
checking package integrity...
loading package files...
checking for file conflicts...
checking available disk space...
reinstalling nodejs...
warning: docker-1:1.7.0-1 is up to date -- reinstalling
resolving dependencies...
looking for conflicting packages...

Packages (1) docker-1:1.7.0-1

Total Installed Size:  19.12 MiB
Net Upgrade Size:       0.00 MiB

:: Proceed with installation? [Y/n] 
checking keyring...
checking package integrity...
loading package files...
checking for file conflicts...
checking available disk space...
reinstalling docker...
warning: linux-manpages-3.19-1 is up to date -- reinstalling
resolving dependencies...
looking for conflicting packages...

Packages (1) linux-manpages-3.19-1

Total Installed Size:  4.12 MiB
Net Upgrade Size:      0.00 MiB

:: Proceed with installation? [Y/n] 
checking keyring...
checking package integrity...
loading package files...
checking for file conflicts...
checking available disk space...
reinstalling linux-manpages...
warning: chromium-43.0.2357.130-1 is up to date -- reinstalling
resolving dependencies...
looking for conflicting packages...

Packages (1) chromium-43.0.2357.130-1

Total Installed Size:  166.79 MiB
Net Upgrade Size:        0.00 MiB

:: Proceed with installation? [Y/n] 
checking keyring...
checking package integrity...
loading package files...
checking for file conflicts...
checking available disk space...
reinstalling chromium...
warning: firefox-39.0-1 is up to date -- reinstalling
resolving dependencies...
looking for conflicting packages...

Packages (1) firefox-39.0-1

Total Installed Size:  89.37 MiB
Net Upgrade Size:       0.00 MiB

:: Proceed with installation? [Y/n] 
checking keyring...
checking package integrity...
loading package files...
checking for file conflicts...
checking available disk space...
reinstalling firefox...
warning: thunderbird-38.0.1-1 is up to date -- reinstalling
resolving dependencies...
looking for conflicting packages...

Packages (1) thunderbird-38.0.1-1

Total Installed Size:  72.21 MiB
Net Upgrade Size:       0.00 MiB

:: Proceed with installation? [Y/n] 
checking keyring...
checking package integrity...
loading package files...
checking for file conflicts...
checking available disk space...
reinstalling thunderbird...
warning: flashplugin-11.2.202.468-1 is up to date -- reinstalling
resolving dependencies...
looking for conflicting packages...

Packages (1) flashplugin-11.2.202.468-1

Total Installed Size:  22.68 MiB
Net Upgrade Size:       0.00 MiB

:: Proceed with installation? [Y/n] 
checking keyring...
checking package integrity...
loading package files...
checking for file conflicts...
checking available disk space...
reinstalling flashplugin...
warning: ttf-liberation-2.00.1-5 is up to date -- reinstalling
resolving dependencies...
looking for conflicting packages...

Packages (1) ttf-liberation-2.00.1-5

Total Installed Size:  3.93 MiB
Net Upgrade Size:      0.00 MiB

:: Proceed with installation? [Y/n] 
checking keyring...
checking package integrity...
loading package files...
checking for file conflicts...
checking available disk space...
reinstalling ttf-liberation...
Updating font cache... done.
warning: ttf-indic-otf-0.2-8 is up to date -- reinstalling
resolving dependencies...
looking for conflicting packages...

Packages (1) ttf-indic-otf-0.2-8

Total Installed Size:  2.56 MiB
Net Upgrade Size:      0.00 MiB

:: Proceed with installation? [Y/n] 
checking keyring...
checking package integrity...
loading package files...
checking for file conflicts...
checking available disk space...
reinstalling ttf-indic-otf...
warning: ttf-hanazono-20141012-1 is up to date -- reinstalling
resolving dependencies...
looking for conflicting packages...

Packages (1) ttf-hanazono-20141012-1

Total Installed Size:  45.95 MiB
Net Upgrade Size:       0.00 MiB

:: Proceed with installation? [Y/n] 
checking keyring...
checking package integrity...
loading package files...
checking for file conflicts...
checking available disk space...
reinstalling ttf-hanazono...
Updating font cache... done.
warning: ttf-droid-20121017-4 is up to date -- reinstalling
resolving dependencies...
looking for conflicting packages...

Packages (1) ttf-droid-20121017-4

Total Installed Size:  15.31 MiB
Net Upgrade Size:       0.00 MiB

:: Proceed with installation? [Y/n] 
checking keyring...
checking package integrity...
loading package files...
checking for file conflicts...
checking available disk space...
reinstalling ttf-droid...
Updating font cache... done.
warning: fcitx-4.2.9-1 is up to date -- reinstalling
warning: fcitx-m17n-0.2.3-1 is up to date -- reinstalling
warning: fcitx-mozc-2.17.2097.102-1 is up to date -- reinstalling
resolving dependencies...
looking for conflicting packages...

Packages (3) fcitx-4.2.9-1  fcitx-m17n-0.2.3-1  fcitx-mozc-2.17.2097.102-1

Total Installed Size:  65.27 MiB
Net Upgrade Size:       0.00 MiB

:: Proceed with installation? [Y/n] 
checking keyring...
checking package integrity...
loading package files...
checking for file conflicts...
checking available disk space...
reinstalling fcitx...
reinstalling fcitx-m17n...
reinstalling fcitx-mozc...
warning: fcitx-gtk2-4.2.9-1 is up to date -- reinstalling
warning: fcitx-gtk3-4.2.9-1 is up to date -- reinstalling
resolving dependencies...
looking for conflicting packages...

Packages (2) fcitx-gtk2-4.2.9-1  fcitx-gtk3-4.2.9-1

Total Installed Size:  2.11 MiB
Net Upgrade Size:      0.00 MiB

:: Proceed with installation? [Y/n] 
checking keyring...
checking package integrity...
loading package files...
checking for file conflicts...
checking available disk space...
reinstalling fcitx-gtk2...
reinstalling fcitx-gtk3...
warning: qemu-2.3.0-3 is up to date -- reinstalling
warning: libvirt-1.2.17-1 is up to date -- reinstalling
resolving dependencies...
looking for conflicting packages...

Packages (2) libvirt-1.2.17-1  qemu-2.3.0-3

Total Installed Size:  221.86 MiB
Net Upgrade Size:        0.00 MiB

:: Proceed with installation? [Y/n] 
checking keyring...
checking package integrity...
loading package files...
checking for file conflicts...
checking available disk space...
reinstalling qemu...
reinstalling libvirt...
warning: directory permissions differ on /usr/share/polkit-1/rules.d/
filesystem: 700  package: 755
>>> You may need to run 'rm -rf ~/.libvirt'
warning: gtk-engine-murrine-0.98.2-2 is up to date -- reinstalling
warning: gtk-theme-orion-1.5-2 is up to date -- reinstalling
resolving dependencies...
looking for conflicting packages...

Packages (2) gtk-engine-murrine-0.98.2-2  gtk-theme-orion-1.5-2

Total Installed Size:  0.72 MiB
Net Upgrade Size:      0.00 MiB

:: Proceed with installation? [Y/n] 
checking keyring...
checking package integrity...
loading package files...
checking for file conflicts...
checking available disk space...
reinstalling gtk-engine-murrine...
reinstalling gtk-theme-orion...
warning: oxygen-gtk2-1.4.6-1 is up to date -- reinstalling
resolving dependencies...
looking for conflicting packages...

Packages (1) oxygen-gtk2-1.4.6-1

Total Installed Size:  1.51 MiB
Net Upgrade Size:      0.00 MiB

:: Proceed with installation? [Y/n] 
checking keyring...
checking package integrity...
loading package files...
checking for file conflicts...
checking available disk space...
reinstalling oxygen-gtk2...
warning: phonon-qt4-4.8.3-2 is up to date -- reinstalling
warning: phonon-qt4-gstreamer-4.8.2-1 is up to date -- reinstalling
warning: phonon-qt5-gstreamer-4.8.2-1 is up to date -- reinstalling
resolving dependencies...
looking for conflicting packages...

Packages (3) phonon-qt4-4.8.3-2  phonon-qt4-gstreamer-4.8.2-1  phonon-qt5-gstreamer-4.8.2-1

Total Installed Size:  1.75 MiB
Net Upgrade Size:      0.00 MiB

:: Proceed with installation? [Y/n] 
checking keyring...
checking package integrity...
loading package files...
checking for file conflicts...
checking available disk space...
reinstalling phonon-qt4-gstreamer...
reinstalling phonon-qt4...
reinstalling phonon-qt5-gstreamer...
warning: kde-meta-kdebase-15.04-7 is up to date -- reinstalling
resolving dependencies...
looking for conflicting packages...

Packages (1) kde-meta-kdebase-15.04-7

Total Installed Size:  0.00 MiB
Net Upgrade Size:      0.00 MiB

:: Proceed with installation? [Y/n] 
checking keyring...
checking package integrity...
loading package files...
checking for file conflicts...
checking available disk space...
reinstalling kde-meta-kdebase...
warning: kdebase-plasma-15.04.3-1 is up to date -- reinstalling
resolving dependencies...
looking for conflicting packages...

Packages (1) kdebase-plasma-15.04.3-1

Total Installed Size:  0.51 MiB
Net Upgrade Size:      0.00 MiB

:: Proceed with installation? [Y/n] 
checking keyring...
checking package integrity...
loading package files...
checking for file conflicts...
checking available disk space...
reinstalling kdebase-plasma...
warning: kdeplasma-applets-plasma-nm-0.9.3.6-1 is up to date -- reinstalling
warning: kdeplasma-addons-applets-kimpanel-4.14.3-5 is up to date -- reinstalling
resolving dependencies...
looking for conflicting packages...

Packages (2) kdeplasma-addons-applets-kimpanel-4.14.3-5  kdeplasma-applets-plasma-nm-0.9.3.6-1

Total Installed Size:  5.32 MiB
Net Upgrade Size:      0.00 MiB

:: Proceed with installation? [Y/n] 
checking keyring...
checking package integrity...
loading package files...
checking for file conflicts...
checking available disk space...
reinstalling kdeplasma-applets-plasma-nm...
reinstalling kdeplasma-addons-applets-kimpanel...
warning: kcm-touchpad-1.1-1 is up to date -- reinstalling
resolving dependencies...
looking for conflicting packages...

Packages (1) kcm-touchpad-1.1-1

Total Installed Size:  0.36 MiB
Net Upgrade Size:      0.00 MiB

:: Proceed with installation? [Y/n] 
checking keyring...
checking package integrity...
loading package files...
checking for file conflicts...
checking available disk space...
reinstalling kcm-touchpad...
warning: kde-meta-kdeadmin-15.04-7 is up to date -- reinstalling
warning: kde-meta-kdegraphics-15.04-7 is up to date -- reinstalling
warning: kde-meta-kdemultimedia-15.04-7 is up to date -- reinstalling
warning: kde-meta-kdenetwork-15.04-7 is up to date -- reinstalling
warning: kde-meta-kdeutils-15.04-7 is up to date -- reinstalling
resolving dependencies...
looking for conflicting packages...

Packages (5) kde-meta-kdeadmin-15.04-7  kde-meta-kdegraphics-15.04-7  kde-meta-kdemultimedia-15.04-7  kde-meta-kdenetwork-15.04-7  kde-meta-kdeutils-15.04-7

Total Installed Size:  0.00 MiB
Net Upgrade Size:      0.00 MiB

:: Proceed with installation? [Y/n] 
checking keyring...
checking package integrity...
loading package files...
checking for file conflicts...
checking available disk space...
reinstalling kde-meta-kdeadmin...
reinstalling kde-meta-kdegraphics...
reinstalling kde-meta-kdemultimedia...
reinstalling kde-meta-kdenetwork...
reinstalling kde-meta-kdeutils...
warning: kwebkitpart-1.3.4-3 is up to date -- reinstalling
resolving dependencies...
looking for conflicting packages...

Packages (1) kwebkitpart-1.3.4-3

Total Installed Size:  1.07 MiB
Net Upgrade Size:      0.00 MiB

:: Proceed with installation? [Y/n] 
checking keyring...
checking package integrity...
loading package files...
checking for file conflicts...
checking available disk space...
reinstalling kwebkitpart...
warning: kate-15.04.3-1 is up to date -- reinstalling
warning: kio-extras-5.3.2-1 is up to date -- reinstalling
resolving dependencies...
looking for conflicting packages...

Packages (2) kate-15.04.3-1  kio-extras-5.3.2-1

Total Installed Size:  10.13 MiB
Net Upgrade Size:       0.00 MiB

:: Proceed with installation? [Y/n] 
checking keyring...
checking package integrity...
loading package files...
checking for file conflicts...
checking available disk space...
reinstalling kate...
reinstalling kio-extras...
warning: kcm-fcitx-0.5.0-1 is up to date -- reinstalling
resolving dependencies...
looking for conflicting packages...

Packages (1) kcm-fcitx-0.5.0-1

Total Installed Size:  0.47 MiB
Net Upgrade Size:      0.00 MiB

:: Proceed with installation? [Y/n] 
checking keyring...
checking package integrity...
loading package files...
checking for file conflicts...
checking available disk space...
reinstalling kcm-fcitx...
warning: ktorrent-4.3.1-4 is up to date -- reinstalling
resolving dependencies...
looking for conflicting packages...

Packages (1) ktorrent-4.3.1-4

Total Installed Size:  11.20 MiB
Net Upgrade Size:       0.00 MiB

:: Proceed with installation? [Y/n] 
checking keyring...
checking package integrity...
loading package files...
checking for file conflicts...
checking available disk space...
reinstalling ktorrent...
warning: recorditnow-0.8.1-8 is up to date -- reinstalling
resolving dependencies...
looking for conflicting packages...

Packages (1) recorditnow-0.8.1-8

Total Installed Size:  2.50 MiB
Net Upgrade Size:      0.00 MiB

:: Proceed with installation? [Y/n] 
checking keyring...
checking package integrity...
loading package files...
checking for file conflicts...
checking available disk space...
reinstalling recorditnow...
warning: skanlite-1.1-4 is up to date -- reinstalling
resolving dependencies...
looking for conflicting packages...

Packages (1) skanlite-1.1-4

Total Installed Size:  2.76 MiB
Net Upgrade Size:      0.00 MiB

:: Proceed with installation? [Y/n] 
checking keyring...
checking package integrity...
loading package files...
checking for file conflicts...
checking available disk space...
reinstalling skanlite...
warning: avidemux-qt-2.5.6-11 is up to date -- reinstalling
resolving dependencies...
looking for conflicting packages...

Packages (1) avidemux-qt-2.5.6-11

Total Installed Size:  5.88 MiB
Net Upgrade Size:      0.00 MiB

:: Proceed with installation? [Y/n] 
checking keyring...
checking package integrity...
loading package files...
checking for file conflicts...
checking available disk space...
reinstalling avidemux-qt...
warning: k3b-1:2.0.3a-2 is up to date -- reinstalling
warning: amarok-2.8.0-6 is up to date -- reinstalling
resolving dependencies...
looking for conflicting packages...

Packages (2) amarok-2.8.0-6  k3b-1:2.0.3a-2

Total Installed Size:  93.35 MiB
Net Upgrade Size:       0.00 MiB

:: Proceed with installation? [Y/n] 
checking keyring...
checking package integrity...
loading package files...
checking for file conflicts...
checking available disk space...
reinstalling k3b...
reinstalling amarok...
warning: baloo-5.9.2-1 is up to date -- reinstalling
resolving dependencies...
looking for conflicting packages...

Packages (1) baloo-5.9.2-1

Total Installed Size:  1.59 MiB
Net Upgrade Size:      0.00 MiB

:: Proceed with installation? [Y/n] 
checking keyring...
checking package integrity...
loading package files...
checking for file conflicts...
checking available disk space...
reinstalling baloo...
warning: kde-gtk-config-5.3.2-1 is up to date -- reinstalling
resolving dependencies...
looking for conflicting packages...

Packages (1) kde-gtk-config-5.3.2-1

Total Installed Size:  0.58 MiB
Net Upgrade Size:      0.00 MiB

:: Proceed with installation? [Y/n] 
checking keyring...
checking package integrity...
loading package files...
checking for file conflicts...
checking available disk space...
reinstalling kde-gtk-config...
warning: kmplot-15.04.3-1 is up to date -- reinstalling
warning: analitza-15.04.3-1 is up to date -- reinstalling
resolving dependencies...
looking for conflicting packages...

Packages (2) analitza-15.04.3-1  kmplot-15.04.3-1

Total Installed Size:  3.42 MiB
Net Upgrade Size:      0.00 MiB

:: Proceed with installation? [Y/n] 
checking keyring...
checking package integrity...
loading package files...
checking for file conflicts...
checking available disk space...
reinstalling kmplot...
reinstalling analitza...
:: There are 23 members in group qt5:
:: Repository extra
   1) qt5-base  2) qt5-connectivity  3) qt5-declarative  4) qt5-enginio  5) qt5-graphicaleffects  6) qt5-imageformats  7) qt5-location  8) qt5-multimedia  9) qt5-quick1  10) qt5-quickcontrols  11) qt5-script  12) qt5-sensors  13) qt5-serialport  14) qt5-svg  15) qt5-tools  16) qt5-translations  17) qt5-wayland  18) qt5-webchannel  19) qt5-webengine  20) qt5-webkit  21) qt5-websockets  22) qt5-x11extras  23) qt5-xmlpatterns

Enter a selection (default=all): warning: qt5-base-5.4.2-1 is up to date -- reinstalling
warning: qt5-connectivity-5.4.2-1 is up to date -- reinstalling
warning: qt5-declarative-5.4.2-1 is up to date -- reinstalling
warning: qt5-enginio-5.4.2-1 is up to date -- reinstalling
warning: qt5-graphicaleffects-5.4.2-1 is up to date -- reinstalling
warning: qt5-imageformats-5.4.2-1 is up to date -- reinstalling
warning: qt5-location-5.4.2-1 is up to date -- reinstalling
warning: qt5-multimedia-5.4.2-1 is up to date -- reinstalling
warning: qt5-quick1-5.4.2-1 is up to date -- reinstalling
warning: qt5-quickcontrols-5.4.2-1 is up to date -- reinstalling
warning: qt5-script-5.4.2-1 is up to date -- reinstalling
warning: qt5-sensors-5.4.2-1 is up to date -- reinstalling
warning: qt5-serialport-5.4.2-1 is up to date -- reinstalling
warning: qt5-svg-5.4.2-1 is up to date -- reinstalling
warning: qt5-tools-5.4.2-1 is up to date -- reinstalling
warning: qt5-translations-5.4.2-1 is up to date -- reinstalling
warning: qt5-wayland-5.4.2-1 is up to date -- reinstalling
warning: qt5-webchannel-5.4.2-1 is up to date -- reinstalling
warning: qt5-webengine-5.4.2-1 is up to date -- reinstalling
warning: qt5-webkit-5.4.2-1 is up to date -- reinstalling
warning: qt5-websockets-5.4.2-1 is up to date -- reinstalling
warning: qt5-x11extras-5.4.2-1 is up to date -- reinstalling
warning: qt5-xmlpatterns-5.4.2-1 is up to date -- reinstalling
warning: qtcreator-3.4.2-1 is up to date -- reinstalling

resolving dependencies...
looking for conflicting packages...

Packages (24) qt5-base-5.4.2-1  qt5-connectivity-5.4.2-1  qt5-declarative-5.4.2-1  qt5-enginio-5.4.2-1  qt5-graphicaleffects-5.4.2-1  qt5-imageformats-5.4.2-1  qt5-location-5.4.2-1  qt5-multimedia-5.4.2-1  qt5-quick1-5.4.2-1  qt5-quickcontrols-5.4.2-1  qt5-script-5.4.2-1  qt5-sensors-5.4.2-1  qt5-serialport-5.4.2-1  qt5-svg-5.4.2-1  qt5-tools-5.4.2-1  qt5-translations-5.4.2-1  qt5-wayland-5.4.2-1  qt5-webchannel-5.4.2-1  qt5-webengine-5.4.2-1  qt5-webkit-5.4.2-1  qt5-websockets-5.4.2-1  qt5-x11extras-5.4.2-1  qt5-xmlpatterns-5.4.2-1  qtcreator-3.4.2-1

Total Installed Size:  325.18 MiB
Net Upgrade Size:        0.00 MiB

:: Proceed with installation? [Y/n] 
checking keyring...
checking package integrity...
loading package files...
checking for file conflicts...
checking available disk space...
reinstalling qt5-base...
reinstalling qt5-xmlpatterns...
reinstalling qt5-declarative...
reinstalling qt5-connectivity...
reinstalling qt5-enginio...
reinstalling qt5-graphicaleffects...
reinstalling qt5-imageformats...
reinstalling qt5-location...
reinstalling qt5-multimedia...
reinstalling qt5-sensors...
reinstalling qt5-webchannel...
reinstalling qt5-webkit...
reinstalling qt5-script...
reinstalling qt5-quick1...
reinstalling qt5-quickcontrols...
reinstalling qt5-serialport...
reinstalling qt5-svg...
reinstalling qt5-translations...
reinstalling qt5-tools...
reinstalling qt5-wayland...
reinstalling qt5-webengine...
reinstalling qt5-websockets...
reinstalling qt5-x11extras...
reinstalling qtcreator...
warning: qgit-2.5-1 is up to date -- reinstalling
resolving dependencies...
looking for conflicting packages...

Packages (1) qgit-2.5-1

Total Installed Size:  0.92 MiB
Net Upgrade Size:      0.00 MiB

:: Proceed with installation? [Y/n] 
checking keyring...
checking package integrity...
loading package files...
checking for file conflicts...
checking available disk space...
reinstalling qgit...
warning: sqlitebrowser-3.7.0-1 is up to date -- reinstalling
resolving dependencies...
looking for conflicting packages...

Packages (1) sqlitebrowser-3.7.0-1

Total Installed Size:  3.46 MiB
Net Upgrade Size:      0.00 MiB

:: Proceed with installation? [Y/n] 
checking keyring...
checking package integrity...
loading package files...
checking for file conflicts...
checking available disk space...
reinstalling sqlitebrowser...
warning: kdevelop-4.7.1-2 is up to date -- reinstalling
warning: kdevelop-python-1.7.1-1 is up to date -- reinstalling
resolving dependencies...
looking for conflicting packages...

Packages (2) kdevelop-4.7.1-2  kdevelop-python-1.7.1-1

Total Installed Size:  20.40 MiB
Net Upgrade Size:       0.00 MiB

:: Proceed with installation? [Y/n] 
checking keyring...
checking package integrity...
loading package files...
checking for file conflicts...
checking available disk space...
reinstalling kdevelop...
reinstalling kdevelop-python...
warning: skype-4.3.0.37-3 is up to date -- reinstalling
resolving dependencies...
looking for conflicting packages...

Packages (1) skype-4.3.0.37-3

Total Installed Size:  42.89 MiB
Net Upgrade Size:       0.00 MiB

:: Proceed with installation? [Y/n] 
checking keyring...
checking package integrity...
loading package files...
checking for file conflicts...
checking available disk space...
reinstalling skype...
Important update note: Since Skype 4.3, only PulseAudio is supported.
That means you NEED a working PulseAudio setup to use Skype for voice chatting.
If you get distorted sound in skype, try adding PULSE_LATENCY_MSEC=60 to your
env before starting skype. Something like 'export PULSE_LATENCY_MSEC=60' in .bashrc, for example.
